<?xml version="1.0" encoding="UTF-8"?>
<!-- Generated by org.testng.reporters.JUnitReportReporter -->
<testsuite skipped="0" hostname="K-ASHIK-L1" name="cucumberIntro.shoppingTestRunner" tests="1" failures="0" timestamp="22 Jan 2021 17:54:31 GMT" time="0.240" errors="0">
  <testcase name="feature" time="0.240" classname="cucumberIntro.shoppingTestRunner"/>
</testsuite> <!-- cucumberIntro.shoppingTestRunner -->
