<?xml version="1.0" encoding="UTF-8"?>
<!-- Generated by org.testng.reporters.JUnitReportReporter -->
<testsuite skipped="0" hostname="K-ASHIK-L1" name="cucumberIntro.shoppingTestRunner" tests="1" failures="0" timestamp="23 Jan 2021 16:57:08 GMT" time="0.205" errors="0">
  <testcase name="feature" time="0.205" classname="cucumberIntro.shoppingTestRunner"/>
</testsuite> <!-- cucumberIntro.shoppingTestRunner -->
